2023-04-26 11:31:56.617  INFO 14268 --- [main] bank.project.dao.DaoApplicationTests     : Starting DaoApplicationTests using Java 1.8.0_292 on W5CG0270ZWF with PID 14268 (started by xxshetug in C:\DLTE-Java-Full-Stack-Development\Bank-Project\Bank-DAO)
2023-04-26 11:31:56.627  INFO 14268 --- [main] bank.project.dao.DaoApplicationTests     : No active profile set, falling back to 1 default profile: "default"
2023-04-26 11:31:57.809  INFO 14268 --- [main] .s.d.r.c.RepositoryConfigurationDelegate : Bootstrapping Spring Data JDBC repositories in DEFAULT mode.
2023-04-26 11:31:57.850  INFO 14268 --- [main] .s.d.r.c.RepositoryConfigurationDelegate : Finished Spring Data repository scanning in 27 ms. Found 0 JDBC repository interfaces.
2023-04-26 11:32:01.212  INFO 14268 --- [main] com.zaxxer.hikari.HikariDataSource       : HikariPool-1 - Starting...
2023-04-26 11:32:01.228  WARN 14268 --- [main] com.zaxxer.hikari.util.DriverDataSource  : Registered driver with driverClassName=oracle.jdbc.driver.OracleDriver was not found, trying direct instantiation.
2023-04-26 11:32:02.396  INFO 14268 --- [main] com.zaxxer.hikari.HikariDataSource       : HikariPool-1 - Start completed.
2023-04-26 11:32:03.601  INFO 14268 --- [main] o.s.s.web.DefaultSecurityFilterChain     : Will secure any request with [org.springframework.security.web.session.DisableEncodeUrlFilter@16ac5d35, org.springframework.security.web.context.request.async.WebAsyncManagerIntegrationFilter@3965bdf9, org.springframework.security.web.context.SecurityContextPersistenceFilter@7327a447, org.springframework.security.web.header.HeaderWriterFilter@4d9754a8, org.springframework.security.web.csrf.CsrfFilter@53b1a3f8, org.springframework.security.web.authentication.logout.LogoutFilter@3aaa3c39, org.springframework.security.web.authentication.UsernamePasswordAuthenticationFilter@5b47731f, org.springframework.security.web.authentication.ui.DefaultLoginPageGeneratingFilter@d70f722, org.springframework.security.web.authentication.ui.DefaultLogoutPageGeneratingFilter@3c0e00a8, org.springframework.security.web.authentication.www.BasicAuthenticationFilter@1c067c0d, org.springframework.security.web.savedrequest.RequestCacheAwareFilter@2954f6ab, org.springframework.security.web.servletapi.SecurityContextHolderAwareRequestFilter@163042ea, org.springframework.security.web.authentication.AnonymousAuthenticationFilter@1860f3be, org.springframework.security.web.session.SessionManagementFilter@58b5a2f3, org.springframework.security.web.access.ExceptionTranslationFilter@58af5076, org.springframework.security.web.access.intercept.FilterSecurityInterceptor@66a5755]
2023-04-26 11:32:03.832  INFO 14268 --- [main] bank.project.dao.DaoApplicationTests     : Started DaoApplicationTests in 8.083 seconds (JVM running for 10.725)
2023-04-26 11:32:05.349  INFO 14268 --- [main] bank.project.dao.BankService             : Customer(customerId=1234, customerName=Gourav, customerAddress=2-14 Bangalore, customerStatus=Active, contact=8787676565, username=gourav1234, password=gourav@1234, attempts=3, customerAadhaar=234523452345, customerPan=DFGH1234W, updateStatus=Verified)
2023-04-26 11:32:05.356  INFO 14268 --- [main] bank.project.dao.BankService             : Update Status: 1
2023-04-26 11:32:05.362  INFO 14268 --- [main] bank.project.dao.BankService             : Customer(customerId=1234, customerName=Gourav, customerAddress=2-14 Bangalore, customerStatus=Active, contact=8787676565, username=gourav1234, password=gourav@1234, attempts=3, customerAadhaar=234523452345, customerPan=DFGH1234W, updateStatus=Verified)
2023-04-26 11:32:05.363  INFO 14268 --- [main] bank.project.dao.BankService             : Update Status: 1
2023-04-26 11:32:05.399  INFO 14268 --- [main] bank.project.dao.BankService             : Returned Attempts
2023-04-26 11:32:05.400  INFO 14268 --- [main] bank.project.dao.BankService             : Returned Attempts
2023-04-26 11:32:05.415  INFO 14268 --- [main] bank.project.dao.BankService             : Entered getByUserName
2023-04-26 11:32:05.532  INFO 14268 --- [SpringApplicationShutdownHook] com.zaxxer.hikari.HikariDataSource       : HikariPool-1 - Shutdown initiated...
2023-04-26 11:32:05.558  INFO 14268 --- [SpringApplicationShutdownHook] com.zaxxer.hikari.HikariDataSource       : HikariPool-1 - Shutdown completed.
2023-04-26 11:32:23.829  INFO 5860 --- [main] bank.project.dao.DaoApplicationTests     : Starting DaoApplicationTests using Java 1.8.0_292 on W5CG0270ZWF with PID 5860 (started by xxshetug in C:\DLTE-Java-Full-Stack-Development\Bank-Project\Bank-DAO)
2023-04-26 11:32:23.832  INFO 5860 --- [main] bank.project.dao.DaoApplicationTests     : No active profile set, falling back to 1 default profile: "default"
2023-04-26 11:32:24.556  INFO 5860 --- [main] .s.d.r.c.RepositoryConfigurationDelegate : Bootstrapping Spring Data JDBC repositories in DEFAULT mode.
2023-04-26 11:32:24.574  INFO 5860 --- [main] .s.d.r.c.RepositoryConfigurationDelegate : Finished Spring Data repository scanning in 8 ms. Found 0 JDBC repository interfaces.
2023-04-26 11:32:26.471  INFO 5860 --- [main] com.zaxxer.hikari.HikariDataSource       : HikariPool-1 - Starting...
2023-04-26 11:32:26.479  WARN 5860 --- [main] com.zaxxer.hikari.util.DriverDataSource  : Registered driver with driverClassName=oracle.jdbc.driver.OracleDriver was not found, trying direct instantiation.
2023-04-26 11:32:27.184  INFO 5860 --- [main] com.zaxxer.hikari.HikariDataSource       : HikariPool-1 - Start completed.
2023-04-26 11:32:27.855  INFO 5860 --- [main] o.s.s.web.DefaultSecurityFilterChain     : Will secure any request with [org.springframework.security.web.session.DisableEncodeUrlFilter@70721c12, org.springframework.security.web.context.request.async.WebAsyncManagerIntegrationFilter@769bd849, org.springframework.security.web.context.SecurityContextPersistenceFilter@60990e5c, org.springframework.security.web.header.HeaderWriterFilter@d902300, org.springframework.security.web.csrf.CsrfFilter@d70f722, org.springframework.security.web.authentication.logout.LogoutFilter@40247d48, org.springframework.security.web.authentication.UsernamePasswordAuthenticationFilter@3408f695, org.springframework.security.web.authentication.ui.DefaultLoginPageGeneratingFilter@5c9934da, org.springframework.security.web.authentication.ui.DefaultLogoutPageGeneratingFilter@101ca8da, org.springframework.security.web.authentication.www.BasicAuthenticationFilter@27443560, org.springframework.security.web.savedrequest.RequestCacheAwareFilter@39ee94de, org.springframework.security.web.servletapi.SecurityContextHolderAwareRequestFilter@4c6b4ed7, org.springframework.security.web.authentication.AnonymousAuthenticationFilter@20a967fe, org.springframework.security.web.session.SessionManagementFilter@30c3ae63, org.springframework.security.web.access.ExceptionTranslationFilter@7e351d7, org.springframework.security.web.access.intercept.FilterSecurityInterceptor@32d5279]
2023-04-26 11:32:27.979  INFO 5860 --- [main] bank.project.dao.DaoApplicationTests     : Started DaoApplicationTests in 4.569 seconds (JVM running for 5.833)
2023-04-26 11:32:29.092  INFO 5860 --- [main] bank.project.dao.BankService             : Customer(customerId=1234, customerName=Gourav, customerAddress=2-14 Bangalore, customerStatus=Active, contact=8787676565, username=gourav1234, password=gourav@1234, attempts=3, customerAadhaar=234523452345, customerPan=DFGH1234W, updateStatus=Verified)
2023-04-26 11:32:29.096  INFO 5860 --- [main] bank.project.dao.BankService             : Update Status: 1
2023-04-26 11:32:29.100  INFO 5860 --- [main] bank.project.dao.BankService             : Customer(customerId=1234, customerName=Gourav, customerAddress=2-14 Bangalore, customerStatus=Active, contact=8787676565, username=gourav1234, password=gourav@1234, attempts=3, customerAadhaar=234523452345, customerPan=DFGH1234W, updateStatus=Verified)
2023-04-26 11:32:29.101  INFO 5860 --- [main] bank.project.dao.BankService             : Update Status: 1
2023-04-26 11:32:29.124  INFO 5860 --- [main] bank.project.dao.BankService             : Returned Attempts
2023-04-26 11:32:29.126  INFO 5860 --- [main] bank.project.dao.BankService             : Returned Attempts
2023-04-26 11:32:29.137  INFO 5860 --- [main] bank.project.dao.BankService             : Entered getByUserName
2023-04-26 11:32:29.209  INFO 5860 --- [SpringApplicationShutdownHook] com.zaxxer.hikari.HikariDataSource       : HikariPool-1 - Shutdown initiated...
2023-04-26 11:32:29.230  INFO 5860 --- [SpringApplicationShutdownHook] com.zaxxer.hikari.HikariDataSource       : HikariPool-1 - Shutdown completed.
2023-04-26 11:34:28.048  INFO 17548 --- [main] bank.project.dao.DaoApplicationTests     : Starting DaoApplicationTests using Java 1.8.0_292 on W5CG0270ZWF with PID 17548 (started by xxshetug in C:\DLTE-Java-Full-Stack-Development\Bank-Project\Bank-DAO)
2023-04-26 11:34:28.049  INFO 17548 --- [main] bank.project.dao.DaoApplicationTests     : No active profile set, falling back to 1 default profile: "default"
2023-04-26 11:34:28.709  INFO 17548 --- [main] .s.d.r.c.RepositoryConfigurationDelegate : Bootstrapping Spring Data JDBC repositories in DEFAULT mode.
2023-04-26 11:34:28.724  INFO 17548 --- [main] .s.d.r.c.RepositoryConfigurationDelegate : Finished Spring Data repository scanning in 10 ms. Found 0 JDBC repository interfaces.
2023-04-26 11:34:30.366  INFO 17548 --- [main] com.zaxxer.hikari.HikariDataSource       : HikariPool-1 - Starting...
2023-04-26 11:34:30.372  WARN 17548 --- [main] com.zaxxer.hikari.util.DriverDataSource  : Registered driver with driverClassName=oracle.jdbc.driver.OracleDriver was not found, trying direct instantiation.
2023-04-26 11:34:30.932  INFO 17548 --- [main] com.zaxxer.hikari.HikariDataSource       : HikariPool-1 - Start completed.
2023-04-26 11:34:31.466  INFO 17548 --- [main] o.s.s.web.DefaultSecurityFilterChain     : Will secure any request with [org.springframework.security.web.session.DisableEncodeUrlFilter@16ac5d35, org.springframework.security.web.context.request.async.WebAsyncManagerIntegrationFilter@3965bdf9, org.springframework.security.web.context.SecurityContextPersistenceFilter@7327a447, org.springframework.security.web.header.HeaderWriterFilter@4d9754a8, org.springframework.security.web.csrf.CsrfFilter@53b1a3f8, org.springframework.security.web.authentication.logout.LogoutFilter@3aaa3c39, org.springframework.security.web.authentication.UsernamePasswordAuthenticationFilter@5b47731f, org.springframework.security.web.authentication.ui.DefaultLoginPageGeneratingFilter@d70f722, org.springframework.security.web.authentication.ui.DefaultLogoutPageGeneratingFilter@3c0e00a8, org.springframework.security.web.authentication.www.BasicAuthenticationFilter@1c067c0d, org.springframework.security.web.savedrequest.RequestCacheAwareFilter@2954f6ab, org.springframework.security.web.servletapi.SecurityContextHolderAwareRequestFilter@163042ea, org.springframework.security.web.authentication.AnonymousAuthenticationFilter@1860f3be, org.springframework.security.web.session.SessionManagementFilter@58b5a2f3, org.springframework.security.web.access.ExceptionTranslationFilter@58af5076, org.springframework.security.web.access.intercept.FilterSecurityInterceptor@66a5755]
2023-04-26 11:34:31.600  INFO 17548 --- [main] bank.project.dao.DaoApplicationTests     : Started DaoApplicationTests in 3.898 seconds (JVM running for 4.991)
2023-04-26 11:34:32.493  INFO 17548 --- [main] bank.project.dao.BankService             : Customer(customerId=1234, customerName=Gourav, customerAddress=2-14 Bangalore, customerStatus=Active, contact=8787676565, username=gourav1234, password=gourav@1234, attempts=3, customerAadhaar=234523452345, customerPan=DFGH1234W, updateStatus=Verified)
2023-04-26 11:34:32.497  INFO 17548 --- [main] bank.project.dao.BankService             : Update Status: 1
2023-04-26 11:34:32.500  INFO 17548 --- [main] bank.project.dao.BankService             : Customer(customerId=1234, customerName=Gourav, customerAddress=2-14 Bangalore, customerStatus=Active, contact=8787676565, username=gourav1234, password=gourav@1234, attempts=3, customerAadhaar=234523452345, customerPan=DFGH1234W, updateStatus=Verified)
2023-04-26 11:34:32.503  INFO 17548 --- [main] bank.project.dao.BankService             : Update Status: 1
2023-04-26 11:34:32.522  INFO 17548 --- [main] bank.project.dao.BankService             : Returned Attempts
2023-04-26 11:34:32.523  INFO 17548 --- [main] bank.project.dao.BankService             : Returned Attempts
2023-04-26 11:34:32.532  INFO 17548 --- [main] bank.project.dao.BankService             : Entered getByUserName: gourav1234
2023-04-26 11:34:32.589  INFO 17548 --- [SpringApplicationShutdownHook] com.zaxxer.hikari.HikariDataSource       : HikariPool-1 - Shutdown initiated...
2023-04-26 11:34:32.606  INFO 17548 --- [SpringApplicationShutdownHook] com.zaxxer.hikari.HikariDataSource       : HikariPool-1 - Shutdown completed.
2023-04-26 11:39:01.968  INFO 1928 --- [main] bank.project.dao.DaoApplicationTests     : Starting DaoApplicationTests using Java 1.8.0_292 on W5CG0270ZWF with PID 1928 (started by xxshetug in C:\DLTE-Java-Full-Stack-Development\Bank-Project\Bank-DAO)
2023-04-26 11:39:01.968  INFO 1928 --- [main] bank.project.dao.DaoApplicationTests     : No active profile set, falling back to 1 default profile: "default"
2023-04-26 11:39:02.558  INFO 1928 --- [main] .s.d.r.c.RepositoryConfigurationDelegate : Bootstrapping Spring Data JDBC repositories in DEFAULT mode.
2023-04-26 11:39:02.573  INFO 1928 --- [main] .s.d.r.c.RepositoryConfigurationDelegate : Finished Spring Data repository scanning in 7 ms. Found 0 JDBC repository interfaces.
2023-04-26 11:39:04.093  INFO 1928 --- [main] com.zaxxer.hikari.HikariDataSource       : HikariPool-1 - Starting...
2023-04-26 11:39:04.100  WARN 1928 --- [main] com.zaxxer.hikari.util.DriverDataSource  : Registered driver with driverClassName=oracle.jdbc.driver.OracleDriver was not found, trying direct instantiation.
2023-04-26 11:39:04.648  INFO 1928 --- [main] com.zaxxer.hikari.HikariDataSource       : HikariPool-1 - Start completed.
2023-04-26 11:39:05.243  INFO 1928 --- [main] o.s.s.web.DefaultSecurityFilterChain     : Will secure any request with [org.springframework.security.web.session.DisableEncodeUrlFilter@759de304, org.springframework.security.web.context.request.async.WebAsyncManagerIntegrationFilter@5649d11a, org.springframework.security.web.context.SecurityContextPersistenceFilter@43c57161, org.springframework.security.web.header.HeaderWriterFilter@65a9ea3c, org.springframework.security.web.csrf.CsrfFilter@2954f6ab, org.springframework.security.web.authentication.logout.LogoutFilter@1bf14704, org.springframework.security.web.authentication.UsernamePasswordAuthenticationFilter@16ac5d35, org.springframework.security.web.authentication.ui.DefaultLoginPageGeneratingFilter@39ee94de, org.springframework.security.web.authentication.ui.DefaultLogoutPageGeneratingFilter@294f9d50, org.springframework.security.web.authentication.www.BasicAuthenticationFilter@40ac6b76, org.springframework.security.web.savedrequest.RequestCacheAwareFilter@2db33feb, org.springframework.security.web.servletapi.SecurityContextHolderAwareRequestFilter@58658f63, org.springframework.security.web.authentication.AnonymousAuthenticationFilter@27443560, org.springframework.security.web.session.SessionManagementFilter@46911148, org.springframework.security.web.access.ExceptionTranslationFilter@1835dc92, org.springframework.security.web.access.intercept.FilterSecurityInterceptor@60a7e509]
2023-04-26 11:39:05.358  INFO 1928 --- [main] bank.project.dao.DaoApplicationTests     : Started DaoApplicationTests in 3.733 seconds (JVM running for 4.767)
2023-04-26 11:39:06.323  INFO 1928 --- [main] bank.project.dao.BankService             : Customer(customerId=1234, customerName=Gourav, customerAddress=2-14 Bangalore, customerStatus=Active, contact=8787676565, username=gourav1234, password=gourav@1234, attempts=3, customerAadhaar=234523452345, customerPan=DFGH1234W, updateStatus=Verified)
2023-04-26 11:39:06.327  INFO 1928 --- [main] bank.project.dao.BankService             : Update Status: 1
2023-04-26 11:39:06.332  INFO 1928 --- [main] bank.project.dao.BankService             : Customer(customerId=1234, customerName=Gourav, customerAddress=2-14 Bangalore, customerStatus=Active, contact=8787676565, username=gourav1234, password=gourav@1234, attempts=3, customerAadhaar=234523452345, customerPan=DFGH1234W, updateStatus=Verified)
2023-04-26 11:39:06.332  INFO 1928 --- [main] bank.project.dao.BankService             : Update Status: 1
2023-04-26 11:39:06.351  INFO 1928 --- [main] bank.project.dao.BankService             : Returned Attempts
2023-04-26 11:39:06.351  INFO 1928 --- [main] bank.project.dao.BankService             : Returned Attempts
2023-04-26 11:39:06.364  INFO 1928 --- [main] bank.project.dao.BankService             : Entered getByUserName: gourav1234
2023-04-26 11:39:06.416  INFO 1928 --- [SpringApplicationShutdownHook] com.zaxxer.hikari.HikariDataSource       : HikariPool-1 - Shutdown initiated...
2023-04-26 11:39:06.434  INFO 1928 --- [SpringApplicationShutdownHook] com.zaxxer.hikari.HikariDataSource       : HikariPool-1 - Shutdown completed.
2023-04-26 12:26:48.023  INFO 14628 --- [main] bank.project.dao.DaoApplicationTests     : Starting DaoApplicationTests using Java 1.8.0_292 on W5CG0270ZWF with PID 14628 (started by xxshetug in C:\DLTE-Java-Full-Stack-Development\Bank-Project\Bank-DAO)
2023-04-26 12:26:48.025  INFO 14628 --- [main] bank.project.dao.DaoApplicationTests     : No active profile set, falling back to 1 default profile: "default"
2023-04-26 12:26:48.562  INFO 14628 --- [main] .s.d.r.c.RepositoryConfigurationDelegate : Bootstrapping Spring Data JDBC repositories in DEFAULT mode.
2023-04-26 12:26:48.576  INFO 14628 --- [main] .s.d.r.c.RepositoryConfigurationDelegate : Finished Spring Data repository scanning in 8 ms. Found 0 JDBC repository interfaces.
2023-04-26 12:26:50.027  INFO 14628 --- [main] com.zaxxer.hikari.HikariDataSource       : HikariPool-1 - Starting...
2023-04-26 12:26:50.033  WARN 14628 --- [main] com.zaxxer.hikari.util.DriverDataSource  : Registered driver with driverClassName=oracle.jdbc.driver.OracleDriver was not found, trying direct instantiation.
2023-04-26 12:26:50.597  INFO 14628 --- [main] com.zaxxer.hikari.HikariDataSource       : HikariPool-1 - Start completed.
2023-04-26 12:26:51.053  INFO 14628 --- [main] o.s.s.web.DefaultSecurityFilterChain     : Will secure any request with [org.springframework.security.web.session.DisableEncodeUrlFilter@787508ca, org.springframework.security.web.context.request.async.WebAsyncManagerIntegrationFilter@3d24420b, org.springframework.security.web.context.SecurityContextPersistenceFilter@d675f9f, org.springframework.security.web.header.HeaderWriterFilter@1c3259fa, org.springframework.security.web.csrf.CsrfFilter@63300c4b, org.springframework.security.web.authentication.logout.LogoutFilter@76544c0a, org.springframework.security.web.authentication.UsernamePasswordAuthenticationFilter@6d6d480c, org.springframework.security.web.authentication.ui.DefaultLoginPageGeneratingFilter@7327a447, org.springframework.security.web.authentication.ui.DefaultLogoutPageGeneratingFilter@6274670b, org.springframework.security.web.authentication.www.BasicAuthenticationFilter@18a19e, org.springframework.security.web.savedrequest.RequestCacheAwareFilter@49469ffa, org.springframework.security.web.servletapi.SecurityContextHolderAwareRequestFilter@7a3b7122, org.springframework.security.web.authentication.AnonymousAuthenticationFilter@53ce2392, org.springframework.security.web.session.SessionManagementFilter@6807a356, org.springframework.security.web.access.ExceptionTranslationFilter@5e99b9c, org.springframework.security.web.access.intercept.FilterSecurityInterceptor@483b0690]
2023-04-26 12:26:51.167  INFO 14628 --- [main] bank.project.dao.DaoApplicationTests     : Started DaoApplicationTests in 3.475 seconds (JVM running for 4.503)
2023-04-26 12:26:52.062  INFO 14628 --- [main] bank.project.dao.BankService             : Customer(customerId=1234, customerName=Gourav, customerAddress=2-14 Bangalore, customerStatus=Active, contact=8787676565, username=gourav1234, password=gourav@1234, attempts=3, customerAadhaar=234523452345, customerPan=DFGH1234W, updateStatus=Verified)
2023-04-26 12:26:52.066  INFO 14628 --- [main] bank.project.dao.BankService             : Update Status: 1
2023-04-26 12:26:52.073  INFO 14628 --- [main] bank.project.dao.BankService             : Customer(customerId=1234, customerName=Gourav, customerAddress=2-14 Bangalore, customerStatus=Active, contact=8787676565, username=gourav1234, password=gourav@1234, attempts=3, customerAadhaar=234523452345, customerPan=DFGH1234W, updateStatus=Verified)
2023-04-26 12:26:52.074  INFO 14628 --- [main] bank.project.dao.BankService             : Update Status: 1
2023-04-26 12:26:52.098  INFO 14628 --- [main] bank.project.dao.BankService             : Returned Attempts:
2023-04-26 12:26:52.099  INFO 14628 --- [main] bank.project.dao.BankService             : Returned Attempts:
2023-04-26 12:26:52.109  INFO 14628 --- [main] bank.project.dao.BankService             : Entered getByUserName: gourav1234
2023-04-26 12:26:52.112  INFO 14628 --- [main] bank.project.dao.BankService             : Retrieved customer: Customer(customerId=1234, customerName=Gourav, customerAddress=2-14 Bangalore, customerStatus=Active, contact=8787676565, username=gourav1234, password=gourav@1234, attempts=3, customerAadhaar=234523452345, customerPan=DFGH1234W, updateStatus=Verified)
2023-04-26 12:26:52.167  INFO 14628 --- [SpringApplicationShutdownHook] com.zaxxer.hikari.HikariDataSource       : HikariPool-1 - Shutdown initiated...
2023-04-26 12:26:52.185  INFO 14628 --- [SpringApplicationShutdownHook] com.zaxxer.hikari.HikariDataSource       : HikariPool-1 - Shutdown completed.
2023-04-26 12:34:34.067  INFO 9572 --- [main] bank.project.dao.DaoApplicationTests     : Starting DaoApplicationTests using Java 1.8.0_292 on W5CG0270ZWF with PID 9572 (started by xxshetug in C:\DLTE-Java-Full-Stack-Development\Bank-Project\Bank-DAO)
2023-04-26 12:34:34.070  INFO 9572 --- [main] bank.project.dao.DaoApplicationTests     : No active profile set, falling back to 1 default profile: "default"
2023-04-26 12:34:34.640  INFO 9572 --- [main] .s.d.r.c.RepositoryConfigurationDelegate : Bootstrapping Spring Data JDBC repositories in DEFAULT mode.
2023-04-26 12:34:34.653  INFO 9572 --- [main] .s.d.r.c.RepositoryConfigurationDelegate : Finished Spring Data repository scanning in 7 ms. Found 0 JDBC repository interfaces.
2023-04-26 12:34:36.049  INFO 9572 --- [main] com.zaxxer.hikari.HikariDataSource       : HikariPool-1 - Starting...
2023-04-26 12:34:36.055  WARN 9572 --- [main] com.zaxxer.hikari.util.DriverDataSource  : Registered driver with driverClassName=oracle.jdbc.driver.OracleDriver was not found, trying direct instantiation.
2023-04-26 12:34:36.557  INFO 9572 --- [main] com.zaxxer.hikari.HikariDataSource       : HikariPool-1 - Start completed.
2023-04-26 12:34:37.029  INFO 9572 --- [main] o.s.s.web.DefaultSecurityFilterChain     : Will secure any request with [org.springframework.security.web.session.DisableEncodeUrlFilter@5d0b0cb9, org.springframework.security.web.context.request.async.WebAsyncManagerIntegrationFilter@7f7b6639, org.springframework.security.web.context.SecurityContextPersistenceFilter@25f15f50, org.springframework.security.web.header.HeaderWriterFilter@58af5076, org.springframework.security.web.csrf.CsrfFilter@38b3f208, org.springframework.security.web.authentication.logout.LogoutFilter@6fff46bf, org.springframework.security.web.authentication.UsernamePasswordAuthenticationFilter@cedee22, org.springframework.security.web.authentication.ui.DefaultLoginPageGeneratingFilter@1fbf088b, org.springframework.security.web.authentication.ui.DefaultLogoutPageGeneratingFilter@16ac5d35, org.springframework.security.web.authentication.www.BasicAuthenticationFilter@53ce2392, org.springframework.security.web.savedrequest.RequestCacheAwareFilter@7327a447, org.springframework.security.web.servletapi.SecurityContextHolderAwareRequestFilter@2954f6ab, org.springframework.security.web.authentication.AnonymousAuthenticationFilter@3965bdf9, org.springframework.security.web.session.SessionManagementFilter@4d9754a8, org.springframework.security.web.access.ExceptionTranslationFilter@73aeef7d, org.springframework.security.web.access.intercept.FilterSecurityInterceptor@6a5e167a]
2023-04-26 12:34:37.161  INFO 9572 --- [main] bank.project.dao.DaoApplicationTests     : Started DaoApplicationTests in 3.411 seconds (JVM running for 4.485)
2023-04-26 12:34:37.959  INFO 9572 --- [main] bank.project.dao.BankService             : Customer(customerId=1234, customerName=Gourav, customerAddress=2-14 Bangalore, customerStatus=Active, contact=8787676565, username=gourav1234, password=gourav@1234, attempts=3, customerAadhaar=234523452345, customerPan=DFGH1234W, updateStatus=Verified)
2023-04-26 12:34:37.963  INFO 9572 --- [main] bank.project.dao.BankService             : Update Status: 1
2023-04-26 12:34:37.966  INFO 9572 --- [main] bank.project.dao.BankService             : Customer(customerId=1234, customerName=Gourav, customerAddress=2-14 Bangalore, customerStatus=Active, contact=8787676565, username=gourav1234, password=gourav@1234, attempts=3, customerAadhaar=234523452345, customerPan=DFGH1234W, updateStatus=Verified)
2023-04-26 12:34:37.966  INFO 9572 --- [main] bank.project.dao.BankService             : Update Status: 1
2023-04-26 12:34:37.984  INFO 9572 --- [main] bank.project.dao.BankService             : Entered getByUserName: gourav1234
2023-04-26 12:34:37.985  INFO 9572 --- [main] bank.project.dao.BankService             : Retrieved customer: Customer(customerId=1234, customerName=Gourav, customerAddress=2-14 Bangalore, customerStatus=Active, contact=8787676565, username=gourav1234, password=gourav@1234, attempts=3, customerAadhaar=234523452345, customerPan=DFGH1234W, updateStatus=Verified)
2023-04-26 12:34:38.027  INFO 9572 --- [SpringApplicationShutdownHook] com.zaxxer.hikari.HikariDataSource       : HikariPool-1 - Shutdown initiated...
2023-04-26 12:34:38.039  INFO 9572 --- [SpringApplicationShutdownHook] com.zaxxer.hikari.HikariDataSource       : HikariPool-1 - Shutdown completed.
2023-04-26 12:37:56.206  INFO 15248 --- [main] bank.project.dao.DaoApplicationTests     : Starting DaoApplicationTests using Java 1.8.0_292 on W5CG0270ZWF with PID 15248 (started by xxshetug in C:\DLTE-Java-Full-Stack-Development\Bank-Project\Bank-DAO)
2023-04-26 12:37:56.207  INFO 15248 --- [main] bank.project.dao.DaoApplicationTests     : No active profile set, falling back to 1 default profile: "default"
2023-04-26 12:37:56.806  INFO 15248 --- [main] .s.d.r.c.RepositoryConfigurationDelegate : Bootstrapping Spring Data JDBC repositories in DEFAULT mode.
2023-04-26 12:37:56.821  INFO 15248 --- [main] .s.d.r.c.RepositoryConfigurationDelegate : Finished Spring Data repository scanning in 10 ms. Found 0 JDBC repository interfaces.
2023-04-26 12:37:58.431  INFO 15248 --- [main] com.zaxxer.hikari.HikariDataSource       : HikariPool-1 - Starting...
2023-04-26 12:37:58.441  WARN 15248 --- [main] com.zaxxer.hikari.util.DriverDataSource  : Registered driver with driverClassName=oracle.jdbc.driver.OracleDriver was not found, trying direct instantiation.
2023-04-26 12:37:59.052  INFO 15248 --- [main] com.zaxxer.hikari.HikariDataSource       : HikariPool-1 - Start completed.
2023-04-26 12:37:59.589  INFO 15248 --- [main] o.s.s.web.DefaultSecurityFilterChain     : Will secure any request with [org.springframework.security.web.session.DisableEncodeUrlFilter@6274670b, org.springframework.security.web.context.request.async.WebAsyncManagerIntegrationFilter@53ce2392, org.springframework.security.web.context.SecurityContextPersistenceFilter@49469ffa, org.springframework.security.web.header.HeaderWriterFilter@6807a356, org.springframework.security.web.csrf.CsrfFilter@3a6045c6, org.springframework.security.web.authentication.logout.LogoutFilter@650c405c, org.springframework.security.web.authentication.UsernamePasswordAuthenticationFilter@5a917723, org.springframework.security.web.authentication.ui.DefaultLoginPageGeneratingFilter@2954f6ab, org.springframework.security.web.authentication.ui.DefaultLogoutPageGeneratingFilter@32d5279, org.springframework.security.web.authentication.www.BasicAuthenticationFilter@2e13f304, org.springframework.security.web.savedrequest.RequestCacheAwareFilter@7a3b7122, org.springframework.security.web.servletapi.SecurityContextHolderAwareRequestFilter@25f15f50, org.springframework.security.web.authentication.AnonymousAuthenticationFilter@1c067c0d, org.springframework.security.web.session.SessionManagementFilter@73aeef7d, org.springframework.security.web.access.ExceptionTranslationFilter@1c3259fa, org.springframework.security.web.access.intercept.FilterSecurityInterceptor@6870c3c2]
2023-04-26 12:37:59.729  INFO 15248 --- [main] bank.project.dao.DaoApplicationTests     : Started DaoApplicationTests in 3.875 seconds (JVM running for 4.904)
2023-04-26 12:38:00.736  INFO 15248 --- [main] bank.project.dao.BankService             : Customer(customerId=1234, customerName=Gourav, customerAddress=2-14 Bangalore, customerStatus=Active, contact=8787676565, username=gourav1234, password=gourav@1234, attempts=3, customerAadhaar=234523452345, customerPan=DFGH1234W, updateStatus=Verified)
2023-04-26 12:38:00.742  INFO 15248 --- [main] bank.project.dao.BankService             : Update Status: 1
2023-04-26 12:38:00.750  INFO 15248 --- [main] bank.project.dao.BankService             : Customer(customerId=1234, customerName=Gourav, customerAddress=2-14 Bangalore, customerStatus=Active, contact=8787676565, username=gourav1234, password=gourav@1234, attempts=3, customerAadhaar=234523452345, customerPan=DFGH1234W, updateStatus=Verified)
2023-04-26 12:38:00.751  INFO 15248 --- [main] bank.project.dao.BankService             : Update Status: 1
2023-04-26 12:38:00.785  INFO 15248 --- [main] bank.project.dao.BankService             : Entered getByUserName: gourav1234
2023-04-26 12:38:00.788  INFO 15248 --- [main] bank.project.dao.BankService             : Retrieved customer: Customer(customerId=1234, customerName=Gourav, customerAddress=2-14 Bangalore, customerStatus=Active, contact=8787676565, username=gourav1234, password=gourav@1234, attempts=3, customerAadhaar=234523452345, customerPan=DFGH1234W, updateStatus=Verified)
2023-04-26 12:38:00.871  INFO 15248 --- [SpringApplicationShutdownHook] com.zaxxer.hikari.HikariDataSource       : HikariPool-1 - Shutdown initiated...
2023-04-26 12:38:00.892  INFO 15248 --- [SpringApplicationShutdownHook] com.zaxxer.hikari.HikariDataSource       : HikariPool-1 - Shutdown completed.
2023-04-26 14:55:00.951  INFO 16556 --- [main] bank.project.dao.DaoApplicationTests     : Starting DaoApplicationTests using Java 1.8.0_292 on W5CG0270ZWF with PID 16556 (started by xxshetug in C:\DLTE-Java-Full-Stack-Development\Bank-Project\Bank-DAO)
2023-04-26 14:55:00.953  INFO 16556 --- [main] bank.project.dao.DaoApplicationTests     : No active profile set, falling back to 1 default profile: "default"
2023-04-26 14:55:01.462  INFO 16556 --- [main] .s.d.r.c.RepositoryConfigurationDelegate : Bootstrapping Spring Data JDBC repositories in DEFAULT mode.
2023-04-26 14:55:01.475  INFO 16556 --- [main] .s.d.r.c.RepositoryConfigurationDelegate : Finished Spring Data repository scanning in 9 ms. Found 0 JDBC repository interfaces.
2023-04-26 14:55:02.863  INFO 16556 --- [main] com.zaxxer.hikari.HikariDataSource       : HikariPool-1 - Starting...
2023-04-26 14:55:02.867  WARN 16556 --- [main] com.zaxxer.hikari.util.DriverDataSource  : Registered driver with driverClassName=oracle.jdbc.driver.OracleDriver was not found, trying direct instantiation.
2023-04-26 14:55:03.426  INFO 16556 --- [main] com.zaxxer.hikari.HikariDataSource       : HikariPool-1 - Start completed.
2023-04-26 14:55:03.922  INFO 16556 --- [main] o.s.s.web.DefaultSecurityFilterChain     : Will secure any request with [org.springframework.security.web.session.DisableEncodeUrlFilter@40c2ce52, org.springframework.security.web.context.request.async.WebAsyncManagerIntegrationFilter@18a19e, org.springframework.security.web.context.SecurityContextPersistenceFilter@217bf99e, org.springframework.security.web.header.HeaderWriterFilter@7fd987ef, org.springframework.security.web.csrf.CsrfFilter@3238e2aa, org.springframework.security.web.authentication.logout.LogoutFilter@798256c5, org.springframework.security.web.authentication.UsernamePasswordAuthenticationFilter@6a5e167a, org.springframework.security.web.authentication.ui.DefaultLoginPageGeneratingFilter@7a3b7122, org.springframework.security.web.authentication.ui.DefaultLogoutPageGeneratingFilter@60a7e509, org.springframework.security.web.authentication.www.BasicAuthenticationFilter@59b32539, org.springframework.security.web.savedrequest.RequestCacheAwareFilter@7ddd84b5, org.springframework.security.web.servletapi.SecurityContextHolderAwareRequestFilter@d675f9f, org.springframework.security.web.authentication.AnonymousAuthenticationFilter@2e13f304, org.springframework.security.web.session.SessionManagementFilter@5e99b9c, org.springframework.security.web.access.ExceptionTranslationFilter@d3f4505, org.springframework.security.web.access.intercept.FilterSecurityInterceptor@73a0f2b]
2023-04-26 14:55:04.019  INFO 16556 --- [main] bank.project.dao.DaoApplicationTests     : Started DaoApplicationTests in 3.396 seconds (JVM running for 4.509)
2023-04-26 14:55:04.880  INFO 16556 --- [main] bank.project.dao.BankService             : Customer(customerId=1234, customerName=Gourav, customerAddress=2-14 Bangalore, customerStatus=Active, contact=8787676565, username=gourav1234, password=gourav@1234, attempts=3, customerAadhaar=234523452345, customerPan=DFGH1234W, updateStatus=Verified)
2023-04-26 14:55:04.883  INFO 16556 --- [main] bank.project.dao.BankService             : Update successful
2023-04-26 14:55:04.888  INFO 16556 --- [main] bank.project.dao.BankService             : Customer(customerId=1234, customerName=Gourav, customerAddress=2-14 Bangalore, customerStatus=Active, contact=8787676565, username=gourav1234, password=gourav@1234, attempts=3, customerAadhaar=234523452345, customerPan=DFGH1234W, updateStatus=Verified)
2023-04-26 14:55:04.889  INFO 16556 --- [main] bank.project.dao.BankService             : Update successful
2023-04-26 14:55:04.912  INFO 16556 --- [main] bank.project.dao.BankService             : Entered getByUserName: gourav1234
2023-04-26 14:55:04.913  INFO 16556 --- [main] bank.project.dao.BankService             : Retrieved customer: Customer(customerId=1234, customerName=Gourav, customerAddress=2-14 Bangalore, customerStatus=Active, contact=8787676565, username=gourav1234, password=gourav@1234, attempts=3, customerAadhaar=234523452345, customerPan=DFGH1234W, updateStatus=Verified)
2023-04-26 14:55:04.976  INFO 16556 --- [SpringApplicationShutdownHook] com.zaxxer.hikari.HikariDataSource       : HikariPool-1 - Shutdown initiated...
2023-04-26 14:55:04.991  INFO 16556 --- [SpringApplicationShutdownHook] com.zaxxer.hikari.HikariDataSource       : HikariPool-1 - Shutdown completed.
2023-04-26 15:00:16.564  INFO 19588 --- [main] bank.project.dao.DaoApplicationTests     : Starting DaoApplicationTests using Java 1.8.0_292 on W5CG0270ZWF with PID 19588 (started by xxshetug in C:\DLTE-Java-Full-Stack-Development\Bank-Project\Bank-DAO)
2023-04-26 15:00:16.566  INFO 19588 --- [main] bank.project.dao.DaoApplicationTests     : No active profile set, falling back to 1 default profile: "default"
2023-04-26 15:00:17.147  INFO 19588 --- [main] .s.d.r.c.RepositoryConfigurationDelegate : Bootstrapping Spring Data JDBC repositories in DEFAULT mode.
2023-04-26 15:00:17.169  INFO 19588 --- [main] .s.d.r.c.RepositoryConfigurationDelegate : Finished Spring Data repository scanning in 13 ms. Found 0 JDBC repository interfaces.
2023-04-26 15:00:18.564  INFO 19588 --- [main] com.zaxxer.hikari.HikariDataSource       : HikariPool-1 - Starting...
2023-04-26 15:00:18.569  WARN 19588 --- [main] com.zaxxer.hikari.util.DriverDataSource  : Registered driver with driverClassName=oracle.jdbc.driver.OracleDriver was not found, trying direct instantiation.
2023-04-26 15:00:19.036  INFO 19588 --- [main] com.zaxxer.hikari.HikariDataSource       : HikariPool-1 - Start completed.
2023-04-26 15:00:19.532  INFO 19588 --- [main] o.s.s.web.DefaultSecurityFilterChain     : Will secure any request with [org.springframework.security.web.session.DisableEncodeUrlFilter@3ddb774f, org.springframework.security.web.context.request.async.WebAsyncManagerIntegrationFilter@2582b0ef, org.springframework.security.web.context.SecurityContextPersistenceFilter@58658f63, org.springframework.security.web.header.HeaderWriterFilter@7e351d7, org.springframework.security.web.csrf.CsrfFilter@1fbf088b, org.springframework.security.web.authentication.logout.LogoutFilter@315105f, org.springframework.security.web.authentication.UsernamePasswordAuthenticationFilter@6cd15072, org.springframework.security.web.authentication.ui.DefaultLoginPageGeneratingFilter@6ca30b8a, org.springframework.security.web.authentication.ui.DefaultLogoutPageGeneratingFilter@70721c12, org.springframework.security.web.authentication.www.BasicAuthenticationFilter@5649d11a, org.springframework.security.web.savedrequest.RequestCacheAwareFilter@60990e5c, org.springframework.security.web.servletapi.SecurityContextHolderAwareRequestFilter@39ee94de, org.springframework.security.web.authentication.AnonymousAuthenticationFilter@769bd849, org.springframework.security.web.session.SessionManagementFilter@d902300, org.springframework.security.web.access.ExceptionTranslationFilter@46911148, org.springframework.security.web.access.intercept.FilterSecurityInterceptor@6274670b]
2023-04-26 15:00:19.631  INFO 19588 --- [main] bank.project.dao.DaoApplicationTests     : Started DaoApplicationTests in 3.386 seconds (JVM running for 4.378)
2023-04-26 15:00:20.478  INFO 19588 --- [main] bank.project.dao.BankService             : Customer(customerId=1234, customerName=Gourav, customerAddress=2-14 Bangalore, customerStatus=Active, contact=8787676565, username=gourav1234, password=gourav@1234, attempts=3, customerAadhaar=234523452345, customerPan=DFGH1234W, updateStatus=Verified)
2023-04-26 15:00:20.481  INFO 19588 --- [main] bank.project.dao.BankService             : Update successful, returned 1
2023-04-26 15:00:20.485  INFO 19588 --- [main] bank.project.dao.BankService             : Customer(customerId=1234, customerName=Gourav, customerAddress=2-14 Bangalore, customerStatus=Active, contact=8787676565, username=gourav1234, password=gourav@1234, attempts=3, customerAadhaar=234523452345, customerPan=DFGH1234W, updateStatus=Verified)
2023-04-26 15:00:20.486  INFO 19588 --- [main] bank.project.dao.BankService             : Update successful, returned 1
2023-04-26 15:00:20.509  INFO 19588 --- [main] bank.project.dao.BankService             : Entered getByUserName: gourav1234
2023-04-26 15:00:20.510  INFO 19588 --- [main] bank.project.dao.BankService             : Retrieved customer: Customer(customerId=1234, customerName=Gourav, customerAddress=2-14 Bangalore, customerStatus=Active, contact=8787676565, username=gourav1234, password=gourav@1234, attempts=3, customerAadhaar=234523452345, customerPan=DFGH1234W, updateStatus=Verified)
2023-04-26 15:00:20.551  INFO 19588 --- [SpringApplicationShutdownHook] com.zaxxer.hikari.HikariDataSource       : HikariPool-1 - Shutdown initiated...
2023-04-26 15:00:20.561  INFO 19588 --- [SpringApplicationShutdownHook] com.zaxxer.hikari.HikariDataSource       : HikariPool-1 - Shutdown completed.
2023-04-26 15:33:18.305  INFO 6412 --- [main] bank.project.dao.DaoApplicationTests     : Starting DaoApplicationTests using Java 1.8.0_292 on W5CG0270ZWF with PID 6412 (started by xxshetug in C:\DLTE-Java-Full-Stack-Development\Bank-Project\Bank-DAO)
2023-04-26 15:33:18.306  INFO 6412 --- [main] bank.project.dao.DaoApplicationTests     : No active profile set, falling back to 1 default profile: "default"
2023-04-26 15:33:18.827  INFO 6412 --- [main] .s.d.r.c.RepositoryConfigurationDelegate : Bootstrapping Spring Data JDBC repositories in DEFAULT mode.
2023-04-26 15:33:18.840  INFO 6412 --- [main] .s.d.r.c.RepositoryConfigurationDelegate : Finished Spring Data repository scanning in 7 ms. Found 0 JDBC repository interfaces.
2023-04-26 15:33:20.266  INFO 6412 --- [main] com.zaxxer.hikari.HikariDataSource       : HikariPool-1 - Starting...
2023-04-26 15:33:20.270  WARN 6412 --- [main] com.zaxxer.hikari.util.DriverDataSource  : Registered driver with driverClassName=oracle.jdbc.driver.OracleDriver was not found, trying direct instantiation.
2023-04-26 15:33:20.810  INFO 6412 --- [main] com.zaxxer.hikari.HikariDataSource       : HikariPool-1 - Start completed.
2023-04-26 15:33:21.309  INFO 6412 --- [main] o.s.s.web.DefaultSecurityFilterChain     : Will secure any request with [org.springframework.security.web.session.DisableEncodeUrlFilter@f0020b1, org.springframework.security.web.context.request.async.WebAsyncManagerIntegrationFilter@759de304, org.springframework.security.web.context.SecurityContextPersistenceFilter@7e351d7, org.springframework.security.web.header.HeaderWriterFilter@3aaa3c39, org.springframework.security.web.csrf.CsrfFilter@67022ea, org.springframework.security.web.authentication.logout.LogoutFilter@b73433, org.springframework.security.web.authentication.UsernamePasswordAuthenticationFilter@7f7b6639, org.springframework.security.web.authentication.ui.DefaultLoginPageGeneratingFilter@4d84049a, org.springframework.security.web.authentication.ui.DefaultLogoutPageGeneratingFilter@5649d11a, org.springframework.security.web.authentication.www.BasicAuthenticationFilter@3b4825f0, org.springframework.security.web.savedrequest.RequestCacheAwareFilter@d902300, org.springframework.security.web.servletapi.SecurityContextHolderAwareRequestFilter@30c3ae63, org.springframework.security.web.authentication.AnonymousAuthenticationFilter@294f9d50, org.springframework.security.web.session.SessionManagementFilter@70f68288, org.springframework.security.web.access.ExceptionTranslationFilter@6fff46bf, org.springframework.security.web.access.intercept.FilterSecurityInterceptor@18a19e]
2023-04-26 15:33:21.428  INFO 6412 --- [main] bank.project.dao.DaoApplicationTests     : Started DaoApplicationTests in 3.447 seconds (JVM running for 4.544)
2023-04-26 15:33:22.268  INFO 6412 --- [main] bank.project.dao.BankService             : Customer(customerId=1234, customerName=Gourav, customerAddress=2-14 Bangalore, customerStatus=Active, contact=8787676565, username=gourav1234, password=gourav@1234, attempts=3, customerAadhaar=234523452345, customerPan=DFGH1234W, updateStatus=Verified)
2023-04-26 15:33:22.272  INFO 6412 --- [main] bank.project.dao.BankService             : Update successful, returned 1
2023-04-26 15:33:22.275  INFO 6412 --- [main] bank.project.dao.BankService             : Customer(customerId=1234, customerName=Gourav, customerAddress=2-14 Bangalore, customerStatus=Active, contact=8787676565, username=gourav1234, password=gourav@1234, attempts=3, customerAadhaar=234523452345, customerPan=DFGH1234W, updateStatus=Verified)
2023-04-26 15:33:22.276  INFO 6412 --- [main] bank.project.dao.BankService             : Update successful, returned 1
2023-04-26 15:33:22.296  INFO 6412 --- [main] bank.project.dao.BankService             : Entered getByUserName: gourav1234
2023-04-26 15:33:22.297  INFO 6412 --- [main] bank.project.dao.BankService             : Retrieved customer: Customer(customerId=1234, customerName=Gourav, customerAddress=2-14 Bangalore, customerStatus=Active, contact=8787676565, username=gourav1234, password=gourav@1234, attempts=3, customerAadhaar=234523452345, customerPan=DFGH1234W, updateStatus=Verified)
2023-04-26 15:33:22.352  INFO 6412 --- [SpringApplicationShutdownHook] com.zaxxer.hikari.HikariDataSource       : HikariPool-1 - Shutdown initiated...
2023-04-26 15:33:22.365  INFO 6412 --- [SpringApplicationShutdownHook] com.zaxxer.hikari.HikariDataSource       : HikariPool-1 - Shutdown completed.
